Build started 26.1.2017 20.53.41.
     1>Project "C:\Github_Projects\AppleDodger\AppleDodger\AppleDodger\AppleDodger.vcxproj" on node 2 (Build target(s)).
     1>ClCompile:
         C:\Program Files (x86)\Microsoft Visual Studio 12.0\VC\bin\CL.exe /c /ZI /nologo /W3 /WX- /sdl /Od /Oy- /D _MBCS /Gm /EHsc /RTC1 /MDd /GS /fp:precise /Zc:wchar_t /Zc:forScope /Fo"Debug\\" /Fd"Debug\vc120.pdb" /Gd /TP /analyze- /errorReport:prompt Main.cpp
         Main.cpp
       Link:
         C:\Program Files (x86)\Microsoft Visual Studio 12.0\VC\bin\link.exe /ERRORREPORT:PROMPT /OUT:"C:\Github_Projects\AppleDodger\AppleDodger\Debug\AppleDodger.exe" /INCREMENTAL /NOLOGO /LIBPATH:C:\Github_Projects\AppleDodger\AppleDodger\AppleDodger\\lib "sfml-graphics-d.lib" "sfml-window-d.lib" "sfml-system-d.lib" kernel32.lib user32.lib gdi32.lib winspool.lib comdlg32.lib advapi32.lib shell32.lib ole32.lib oleaut32.lib uuid.lib odbc32.lib odbccp32.lib /MANIFEST /MANIFESTUAC:"level='asInvoker' uiAccess='false'" /manifest:embed /DEBUG /PDB:"C:\Github_Projects\AppleDodger\AppleDodger\Debug\AppleDodger.pdb" /TLBID:1 /DYNAMICBASE /NXCOMPAT /IMPLIB:"C:\Github_Projects\AppleDodger\AppleDodger\Debug\AppleDodger.lib" /MACHINE:X86 Debug\AppleObject.obj
         Debug\Game.obj
         Debug\GameObject.obj
         Debug\GameObjectManager.obj
         Debug\GameOverScreen.obj
         Debug\Main.obj
         Debug\MainMenu.obj
         Debug\PlayerObject.obj
         Debug\StartScreen.obj
         Debug\Text.obj
         Debug\TextureManager.obj
         AppleDodger.vcxproj -> C:\Github_Projects\AppleDodger\AppleDodger\Debug\AppleDodger.exe
     1>Done Building Project "C:\Github_Projects\AppleDodger\AppleDodger\AppleDodger\AppleDodger.vcxproj" (Build target(s)).

Build succeeded.

Time Elapsed 00:00:00.99
